#
# A fatal error has been detected by the Java Runtime Environment:
#
#  EXCEPTION_ACCESS_VIOLATION (0xc0000005) at pc=0x000000006f01b822, pid=5336, tid=0x0000000000001f38
#
# JRE version: OpenJDK Runtime Environment (8.0_242-b01) (build 1.8.0_242-release-1644-b01)
# Java VM: OpenJDK 64-Bit Server VM (25.242-b01 mixed mode windows-amd64 compressed oops)
# Problematic frame:
# V  [jvm.dll+0x8b822]
#
# Failed to write core dump. Minidumps are not enabled by default on client versions of Windows
#
# If you would like to submit a bug report, please visit:
#   
#

---------------  T H R E A D  ---------------

Current thread (0x0000000002f67000):  GCTaskThread [stack: 0x0000000012ad0000,0x0000000012bd0000] [id=7992]

siginfo: ExceptionCode=0xc0000005, reading address 0x0000000000000168

Registers:
RAX=0x0000000000000080, RBX=0x00000000f25fa010, RCX=0x0000000100ea7c00, RDX=0x00000000f25fa010
RSP=0x0000000012bcf9c8, RBP=0x0000000000000000, RSI=0x0000000017c34000, RDI=0x0000889b00005929
R8 =0x0000000000000000, R9 =0x0000000100ea7c00, R10=0x000000000000000c, R11=0x000000000000000c
R12=0x000000006f5addd0, R13=0x0000000000000005, R14=0x0000000000000000, R15=0x0000000002f67990
RIP=0x000000006f01b822, EFLAGS=0x0000000000010246

Top of Stack: (sp=0x0000000012bcf9c8)
0x0000000012bcf9c8:   000000006f3627b2 00000000f25fa028
0x0000000012bcf9d8:   0000000017c34000 0000000017c34000
0x0000000012bcf9e8:   0000000002f62500 000000006f5801f0
0x0000000012bcf9f8:   000000006f362efb 000000008bd52390
0x0000000012bcfa08:   0000000000000400 0000000000000000
0x0000000012bcfa18:   0000000002f62501 000000006f5addd0
0x0000000012bcfa28:   000000006f362b20 000000008bd54134
0x0000000012bcfa38:   0000000000000000 0000000017c34000
0x0000000012bcfa48:   0000889b00005929 000000008bd54134
0x0000000012bcfa58:   000000006f3634f5 00000000f7b49320
0x0000000012bcfa68:   0000000000000000 0000000017c34000
0x0000000012bcfa78:   000000006f07e3a3 0000889b00005929
0x0000000012bcfa88:   000000008b210725 00008a30000051e0
0x0000000012bcfa98:   0000889b00005929 0000000002f67980
0x0000000012bcfaa8:   0000889a00005929 00008a30000051e1
0x0000000012bcfab8:   000079f400005d9f 0000000002f67000 

Instructions: (pc=0x000000006f01b822)
0x000000006f01b802:   e2 49 8d 0c 11 49 f7 d1 48 03 c1 49 c1 e9 03 48
0x000000006f01b812:   c1 e8 03 41 23 c1 c3 48 8b 02 48 8b d1 49 8b c9
0x000000006f01b822:   48 ff a0 e8 00 00 00 cc cc cc cc cc cc cc 80 3d
0x000000006f01b832:   1a 97 73 00 00 48 8b c1 74 1b 8b 51 08 8b 0d 73 


Register to memory mapping:

RAX=0x0000000000000080 is an unknown value
RBX=0x00000000f25fa010 is an oop

[error occurred during error reporting (printing register info), id 0xc0000005]

Stack: [0x0000000012ad0000,0x0000000012bd0000],  sp=0x0000000012bcf9c8,  free space=1022k
Native frames: (J=compiled Java code, j=interpreted, Vv=VM code, C=native code)


---------------  P R O C E S S  ---------------

Java Threads: ( => current thread )
  0x000000001bbc1800 JavaThread "ForkJoinPool-9-worker-0" daemon [_thread_blocked, id=5400, stack(0x0000000031160000,0x0000000031260000)]
  0x000000001bbc0000 JavaThread "ForkJoinPool-9-worker-3" daemon [_thread_blocked, id=1736, stack(0x000000002bef0000,0x000000002bff0000)]
  0x000000001bbb7800 JavaThread "ForkJoinPool-9-worker-2" daemon [_thread_blocked, id=5040, stack(0x000000002bbf0000,0x000000002bcf0000)]
  0x000000001bbb6800 JavaThread "ForkJoinPool-9-worker-1" daemon [_thread_blocked, id=1208, stack(0x0000000028c20000,0x0000000028d20000)]
  0x0000000022dcd000 JavaThread "WorkerExecutor Queue Thread 5" [_thread_blocked, id=2256, stack(0x0000000029220000,0x0000000029320000)]
  0x0000000022dcc000 JavaThread "WorkerExecutor Queue Thread 4" [_thread_blocked, id=4656, stack(0x0000000029120000,0x0000000029220000)]
  0x0000000022dc7800 JavaThread "Cache worker for Java compile cache (C:\Users\Mohamed Sobhi\AndroidStudioProjects\ECommerceTask\.gradle\6.1.1\javaCompile)" [_thread_blocked, id=4440, stack(0x000000001ed70000,0x000000001ee70000)]
  0x0000000022dc1000 JavaThread "WorkerExecutor Queue Thread 2" [_thread_blocked, id=5288, stack(0x000000002b0f0000,0x000000002b1f0000)]
  0x0000000022dbf800 JavaThread "stdout" [_thread_in_native, id=8616, stack(0x0000000028920000,0x0000000028a20000)]
  0x0000000022dc6000 JavaThread "stderr" [_thread_in_native, id=1316, stack(0x0000000028820000,0x0000000028920000)]
  0x0000000022dc4800 JavaThread "pool-31-thread-1" [_thread_blocked, id=5060, stack(0x0000000028720000,0x0000000028820000)]
  0x0000000020035000 JavaThread "WorkerExecutor Queue" [_thread_blocked, id=4268, stack(0x0000000028620000,0x0000000028720000)]
  0x0000000020034800 JavaThread "Cache worker for execution history cache (C:\Users\Mohamed Sobhi\AndroidStudioProjects\ECommerceTask\.gradle\6.1.1\executionHistory)" [_thread_blocked, id=4584, stack(0x0000000028520000,0x0000000028620000)]
  0x0000000020033800 JavaThread "Execution worker for ':' Thread 3" [_thread_blocked, id=7416, stack(0x0000000028420000,0x0000000028520000)]
  0x0000000020033000 JavaThread "Execution worker for ':' Thread 2" [_thread_blocked, id=8780, stack(0x0000000028320000,0x0000000028420000)]
  0x0000000020032000 JavaThread "Execution worker for ':'" [_thread_blocked, id=1008, stack(0x0000000028220000,0x0000000028320000)]
  0x0000000020031800 JavaThread "Cache worker for file content cache (C:\Users\Mohamed Sobhi\AndroidStudioProjects\ECommerceTask\.gradle\6.1.1\fileContent)" [_thread_blocked, id=7528, stack(0x0000000027d20000,0x0000000027e20000)]
  0x000000002002a000 JavaThread "Cache worker for Build Output Cleanup Cache (C:\Users\Mohamed Sobhi\AndroidStudioProjects\ECommerceTask\.gradle\buildOutputCleanup)" [_thread_blocked, id=4616, stack(0x0000000027c20000,0x0000000027d20000)]
  0x0000000020029000 JavaThread "pool-30-thread-1" [_thread_blocked, id=9128, stack(0x0000000027920000,0x0000000027a20000)]
  0x0000000020030000 JavaThread "Build operations Thread 4" [_thread_blocked, id=8408, stack(0x0000000024280000,0x0000000024380000)]
  0x000000002002f000 JavaThread "Build operations Thread 3" [_thread_blocked, id=2708, stack(0x00000000221b0000,0x00000000222b0000)]
  0x0000000020027800 JavaThread "Build operations Thread 2" [_thread_blocked, id=8900, stack(0x00000000220b0000,0x00000000221b0000)]
  0x000000002002e800 JavaThread "Build operations" [_thread_blocked, id=7804, stack(0x0000000021bb0000,0x0000000021cb0000)]
  0x0000000020028800 JavaThread "Cache worker for cache directory md-rule (C:\Users\Mohamed Sobhi\.gradle\caches\6.1.1\md-rule)" [_thread_blocked, id=7832, stack(0x000000001fc10000,0x000000001fd10000)]
  0x0000000020027000 JavaThread "Cache worker for cache directory md-supplier (C:\Users\Mohamed Sobhi\.gradle\caches\6.1.1\md-supplier)" [_thread_blocked, id=7920, stack(0x000000001f870000,0x000000001f970000)]
  0x0000000020026000 JavaThread "Cache worker for file hash cache (C:\Users\Mohamed Sobhi\AndroidStudioProjects\ECommerceTask\.gradle\6.1.1\fileHashes)" [_thread_blocked, id=7668, stack(0x000000001f470000,0x000000001f570000)]
  0x000000002002c000 JavaThread "Cache worker for checksums cache (C:\Users\Mohamed Sobhi\AndroidStudioProjects\ECommerceTask\.gradle\checksums)" [_thread_blocked, id=924, stack(0x000000001f370000,0x000000001f470000)]
  0x000000001b9f8000 JavaThread "Thread-292" [_thread_blocked, id=8580, stack(0x000000001ee70000,0x000000001ef70000)]
  0x000000001b9fd800 JavaThread "Asynchronous log dispatcher for DefaultDaemonConnection: socket connection from /127.0.0.1:49685 to /127.0.0.1:50175" [_thread_blocked, id=6828, stack(0x000000001d1a0000,0x000000001d2a0000)]
  0x000000001b9fc000 JavaThread "Daemon worker Thread 11" [_thread_blocked, id=8436, stack(0x000000001d0a0000,0x000000001d1a0000)]
  0x000000001b9f3800 JavaThread "Cancel handler" [_thread_blocked, id=6580, stack(0x000000001cda0000,0x000000001cea0000)]
  0x000000001b9f6800 JavaThread "Handler for socket connection from /127.0.0.1:49685 to /127.0.0.1:50175" [_thread_in_native, id=7576, stack(0x000000001cca0000,0x000000001cda0000)]
  0x000000001b9f3000 JavaThread "Daemon Thread 11" [_thread_blocked, id=3552, stack(0x00000000014c0000,0x00000000015c0000)]
  0x000000001bbbb800 JavaThread "Cache worker for Java compile cache (C:\Users\Mohamed Sobhi\.gradle\caches\6.1.1\javaCompile)" [_thread_blocked, id=4996, stack(0x000000001d4a0000,0x000000001d5a0000)]
  0x000000001bbbf000 JavaThread "MarlinRenderer Disposer" daemon [_thread_blocked, id=5016, stack(0x0000000029620000,0x0000000029720000)]
  0x000000001bbbe800 JavaThread "Java2D Disposer" daemon [_thread_blocked, id=5188, stack(0x0000000029520000,0x0000000029620000)]
  0x000000001b9f6000 JavaThread "Cache worker for file content cache (C:\Users\Mohamed Sobhi\.gradle\caches\6.1.1\fileContent)" [_thread_blocked, id=4488, stack(0x0000000027820000,0x0000000027920000)]
  0x0000000022dca800 JavaThread "Memory manager" [_thread_blocked, id=8548, stack(0x0000000026540000,0x0000000026640000)]
  0x000000001aa0a000 JavaThread "Cache worker for execution history cache (C:\Users\Mohamed Sobhi\.gradle\caches\6.1.1\executionHistory)" [_thread_blocked, id=2652, stack(0x000000001f570000,0x000000001f670000)]
  0x000000001aa0f000 JavaThread "Cache worker for file hash cache (C:\Users\Mohamed Sobhi\.gradle\caches\6.1.1\fileHashes)" [_thread_blocked, id=5056, stack(0x000000001d9a0000,0x000000001daa0000)]
  0x000000001aa0e000 JavaThread "File lock request listener" [_thread_in_native, id=2404, stack(0x000000001d8a0000,0x000000001d9a0000)]
  0x000000001a2f4000 JavaThread "Cache worker for journal cache (C:\Users\Mohamed Sobhi\.gradle\caches\journal-1)" [_thread_blocked, id=5620, stack(0x000000001d7a0000,0x000000001d8a0000)]
  0x000000001b0aa800 JavaThread "Daemon periodic checks" [_thread_blocked, id=3992, stack(0x000000001cba0000,0x000000001cca0000)]
  0x000000001b7ef800 JavaThread "Incoming local TCP Connector on port 49685" [_thread_in_native, id=1976, stack(0x000000001c9c0000,0x000000001cac0000)]
  0x000000001b3ad800 JavaThread "Daemon health stats" [_thread_blocked, id=4476, stack(0x000000001c380000,0x000000001c480000)]
  0x00000000194f9000 JavaThread "Service Thread" daemon [_thread_blocked, id=1092, stack(0x00000000199c0000,0x0000000019ac0000)]
  0x00000000194d8800 JavaThread "C1 CompilerThread2" daemon [_thread_blocked, id=6212, stack(0x00000000198c0000,0x00000000199c0000)]
  0x0000000017cc6000 JavaThread "C2 CompilerThread1" daemon [_thread_blocked, id=804, stack(0x00000000193c0000,0x00000000194c0000)]
  0x0000000017c77800 JavaThread "C2 CompilerThread0" daemon [_thread_blocked, id=1080, stack(0x00000000192c0000,0x00000000193c0000)]
  0x0000000017c76000 JavaThread "Attach Listener" daemon [_thread_blocked, id=2368, stack(0x00000000191c0000,0x00000000192c0000)]
  0x0000000017cc4800 JavaThread "Signal Dispatcher" daemon [_thread_blocked, id=5476, stack(0x00000000190c0000,0x00000000191c0000)]
  0x000000000304c000 JavaThread "Finalizer" daemon [_thread_blocked, id=3932, stack(0x0000000018ec0000,0x0000000018fc0000)]
  0x0000000017c59000 JavaThread "Reference Handler" daemon [_thread_blocked, id=5724, stack(0x0000000018dc0000,0x0000000018ec0000)]
  0x0000000002f4e000 JavaThread "main" [_thread_blocked, id=8304, stack(0x0000000002de0000,0x0000000002ee0000)]

Other Threads:
  0x0000000017c36000 VMThread [stack: 0x0000000018cc0000,0x0000000018dc0000] [id=8444]
  0x00000000194fa000 WatcherThread [stack: 0x0000000019ac0000,0x0000000019bc0000] [id=3404]

=>0x0000000002f67000 (exited) GCTaskThread [stack: 0x0000000012ad0000,0x0000000012bd0000] [id=7992]

VM state:at safepoint (normal execution)

VM Mutex/Monitor currently owned by a thread:  ([mutex/lock_event])
[0x0000000002f4d930] Threads_lock - owner thread: 0x0000000017c36000
[0x0000000002f4dd30] Heap_lock - owner thread: 0x0000000022dcd000

heap address: 0x0000000080000000, size: 2048 MB, Compressed Oops mode: 32-bit
Narrow klass base: 0x0000000000000000, Narrow klass shift: 3
Compressed class space size: 1073741824 Address: 0x0000000100000000

Heap:
 PSYoungGen      total 629248K, used 601960K [0x00000000d5580000, 0x00000000ffb80000, 0x0000000100000000)
  eden space 567296K, 100% used [0x00000000d5580000,0x00000000f7f80000,0x00000000f7f80000)
  from space 61952K, 55% used [0x00000000fbf00000,0x00000000fe0da2a8,0x00000000ffb80000)
  to   space 63488K, 99% used [0x00000000f7f80000,0x00000000fbd7fbd8,0x00000000fbd80000)
 ParOldGen       total 269824K, used 198816K [0x0000000080000000, 0x0000000090780000, 0x00000000d5580000)
  object space 269824K, 73% used [0x0000000080000000,0x000000008c228390,0x0000000090780000)
 Metaspace       used 125000K, capacity 132492K, committed 132656K, reserved 1165312K
  class space    used 15536K, capacity 16911K, committed 16944K, reserved 1048576K

Card table byte_map: [0x0000000012410000,0x0000000012820000] byte_map_base: 0x0000000012010000

Marking Bits: (ParMarkBitMap*) 0x000000006f75f030
 Begin Bits: [0x0000000012ed0000, 0x0000000014ed0000)
 End Bits:   [0x0000000014ed0000, 0x0000000016ed0000)

Polling page: 0x00000000016a0000

CodeCache: size=245760Kb used=102718Kb max_used=102734Kb free=143041Kb
 bounds [0x0000000003050000, 0x0000000009530000, 0x0000000012050000]
 total_blobs=27610 nmethods=26541 adapters=978
 compilation: enabled

Compilation events (10 events):
Event: 6481.298 Thread 0x00000000194d8800 35253 %     3       com.android.tools.r8.dex.b::a @ 167 (630 bytes)
Event: 6481.306 Thread 0x00000000194d8800 nmethod 35253% 0x000000000950fa10 code [0x0000000009510180, 0x0000000009515918]
Event: 6481.309 Thread 0x00000000194d8800 35256       3       com.android.tools.r8.dex.b::a (630 bytes)
Event: 6481.312 Thread 0x0000000017cc6000 nmethod 35247 0x000000000951d4d0 code [0x000000000951d7c0, 0x000000000951f400]
Event: 6481.312 Thread 0x0000000017cc6000 35251 %     4       com.android.tools.r8.u.c.h::a @ 57 (270 bytes)
Event: 6481.317 Thread 0x00000000194d8800 nmethod 35256 0x0000000009521590 code [0x0000000009521ce0, 0x0000000009527198]
Event: 6481.319 Thread 0x0000000017c77800 nmethod 35242 0x000000000952b510 code [0x000000000952b800, 0x000000000952d420]
Event: 6481.319 Thread 0x0000000017c77800 35257       4       com.android.tools.r8.graph.u::a (47 bytes)
Event: 6481.325 Thread 0x0000000017c77800 nmethod 35257 0x0000000009506ad0 code [0x0000000009506c60, 0x0000000009507118]
Event: 6481.326 Thread 0x0000000017c77800 35258       4       com.android.tools.r8.dex.P$$Lambda$1617/425433889::accept (16 bytes)

GC Heap History (10 events):
Event: 6467.022 GC heap after
Heap after GC invocations=59 (full 7):
 PSYoungGen      total 625152K, used 42655K [0x00000000d5580000, 0x00000000ffe80000, 0x0000000100000000)
  eden space 556032K, 0% used [0x00000000d5580000,0x00000000d5580000,0x00000000f7480000)
  from space 69120K, 61% used [0x00000000fbb00000,0x00000000fe4a7fd8,0x00000000ffe80000)
  to   space 70656K, 0% used [0x00000000f7480000,0x00000000f7480000,0x00000000fb980000)
 ParOldGen       total 269824K, used 164935K [0x0000000080000000, 0x0000000090780000, 0x00000000d5580000)
  object space 269824K, 61% used [0x0000000080000000,0x000000008a111dc0,0x0000000090780000)
 Metaspace       used 124878K, capacity 132242K, committed 132400K, reserved 1165312K
  class space    used 15532K, capacity 16876K, committed 16944K, reserved 1048576K
}
Event: 6468.541 GC heap before
{Heap before GC invocations=60 (full 7):
 PSYoungGen      total 625152K, used 598687K [0x00000000d5580000, 0x00000000ffe80000, 0x0000000100000000)
  eden space 556032K, 100% used [0x00000000d5580000,0x00000000f7480000,0x00000000f7480000)
  from space 69120K, 61% used [0x00000000fbb00000,0x00000000fe4a7fd8,0x00000000ffe80000)
  to   space 70656K, 0% used [0x00000000f7480000,0x00000000f7480000,0x00000000fb980000)
 ParOldGen       total 269824K, used 164935K [0x0000000080000000, 0x0000000090780000, 0x00000000d5580000)
  object space 269824K, 61% used [0x0000000080000000,0x000000008a111dc0,0x0000000090780000)
 Metaspace       used 124901K, capacity 132310K, committed 132400K, reserved 1165312K
  class space    used 15532K, capacity 16876K, committed 16944K, reserved 1048576K
Event: 6468.769 GC heap after
Heap after GC invocations=60 (full 7):
 PSYoungGen      total 626688K, used 23203K [0x00000000d5580000, 0x00000000ffd80000, 0x0000000100000000)
  eden space 556032K, 0% used [0x00000000d5580000,0x00000000d5580000,0x00000000f7480000)
  from space 70656K, 32% used [0x00000000f7480000,0x00000000f8b28f10,0x00000000fb980000)
  to   space 68608K, 0% used [0x00000000fba80000,0x00000000fba80000,0x00000000ffd80000)
 ParOldGen       total 269824K, used 173571K [0x0000000080000000, 0x0000000090780000, 0x00000000d5580000)
  object space 269824K, 64% used [0x0000000080000000,0x000000008a980f30,0x0000000090780000)
 Metaspace       used 124901K, capacity 132310K, committed 132400K, reserved 1165312K
  class space    used 15532K, capacity 16876K, committed 16944K, reserved 1048576K
}
Event: 6470.336 GC heap before
{Heap before GC invocations=61 (full 7):
 PSYoungGen      total 626688K, used 579235K [0x00000000d5580000, 0x00000000ffd80000, 0x0000000100000000)
  eden space 556032K, 100% used [0x00000000d5580000,0x00000000f7480000,0x00000000f7480000)
  from space 70656K, 32% used [0x00000000f7480000,0x00000000f8b28f10,0x00000000fb980000)
  to   space 68608K, 0% used [0x00000000fba80000,0x00000000fba80000,0x00000000ffd80000)
 ParOldGen       total 269824K, used 173571K [0x0000000080000000, 0x0000000090780000, 0x00000000d5580000)
  object space 269824K, 64% used [0x0000000080000000,0x000000008a980f30,0x0000000090780000)
 Metaspace       used 124908K, capacity 132314K, committed 132400K, reserved 1165312K
  class space    used 15532K, capacity 16876K, committed 16944K, reserved 1048576K
Event: 6470.496 GC heap after
Heap after GC invocations=61 (full 7):
 PSYoungGen      total 624640K, used 22856K [0x00000000d5580000, 0x00000000ffa00000, 0x0000000100000000)
  eden space 559616K, 0% used [0x00000000d5580000,0x00000000d5580000,0x00000000f7800000)
  from space 65024K, 35% used [0x00000000fba80000,0x00000000fd0d20a8,0x00000000ffa00000)
  to   space 66560K, 0% used [0x00000000f7800000,0x00000000f7800000,0x00000000fb900000)
 ParOldGen       total 269824K, used 175330K [0x0000000080000000, 0x0000000090780000, 0x00000000d5580000)
  object space 269824K, 64% used [0x0000000080000000,0x000000008ab38b58,0x0000000090780000)
 Metaspace       used 124908K, capacity 132314K, committed 132400K, reserved 1165312K
  class space    used 15532K, capacity 16876K, committed 16944K, reserved 1048576K
}
Event: 6471.998 GC heap before
{Heap before GC invocations=62 (full 7):
 PSYoungGen      total 624640K, used 582472K [0x00000000d5580000, 0x00000000ffa00000, 0x0000000100000000)
  eden space 559616K, 100% used [0x00000000d5580000,0x00000000f7800000,0x00000000f7800000)
  from space 65024K, 35% used [0x00000000fba80000,0x00000000fd0d20a8,0x00000000ffa00000)
  to   space 66560K, 0% used [0x00000000f7800000,0x00000000f7800000,0x00000000fb900000)
 ParOldGen       total 269824K, used 175330K [0x0000000080000000, 0x0000000090780000, 0x00000000d5580000)
  object space 269824K, 64% used [0x0000000080000000,0x000000008ab38b58,0x0000000090780000)
 Metaspace       used 124924K, capacity 132314K, committed 132400K, reserved 1165312K
  class space    used 15532K, capacity 16876K, committed 16944K, reserved 1048576K
Event: 6472.089 GC heap after
Heap after GC invocations=62 (full 7):
 PSYoungGen      total 626176K, used 19822K [0x00000000d5580000, 0x00000000ffe80000, 0x0000000100000000)
  eden space 559616K, 0% used [0x00000000d5580000,0x00000000d5580000,0x00000000f7800000)
  from space 66560K, 29% used [0x00000000f7800000,0x00000000f8b5bbd8,0x00000000fb900000)
  to   space 65024K, 0% used [0x00000000fbf00000,0x00000000fbf00000,0x00000000ffe80000)
 ParOldGen       total 269824K, used 177271K [0x0000000080000000, 0x0000000090780000, 0x00000000d5580000)
  object space 269824K, 65% used [0x0000000080000000,0x000000008ad1dc58,0x0000000090780000)
 Metaspace       used 124924K, capacity 132314K, committed 132400K, reserved 1165312K
  class space    used 15532K, capacity 16876K, committed 16944K, reserved 1048576K
}
Event: 6475.177 GC heap before
{Heap before GC invocations=63 (full 7):
 PSYoungGen      total 626176K, used 579438K [0x00000000d5580000, 0x00000000ffe80000, 0x0000000100000000)
  eden space 559616K, 100% used [0x00000000d5580000,0x00000000f7800000,0x00000000f7800000)
  from space 66560K, 29% used [0x00000000f7800000,0x00000000f8b5bbd8,0x00000000fb900000)
  to   space 65024K, 0% used [0x00000000fbf00000,0x00000000fbf00000,0x00000000ffe80000)
 ParOldGen       total 269824K, used 177271K [0x0000000080000000, 0x0000000090780000, 0x00000000d5580000)
  object space 269824K, 65% used [0x0000000080000000,0x000000008ad1dc58,0x0000000090780000)
 Metaspace       used 124969K, capacity 132332K, committed 132400K, reserved 1165312K
  class space    used 15535K, capacity 16879K, committed 16944K, reserved 1048576K
Event: 6476.156 GC heap after
Heap after GC invocations=63 (full 7):
 PSYoungGen      total 629248K, used 34664K [0x00000000d5580000, 0x00000000ffb80000, 0x0000000100000000)
  eden space 567296K, 0% used [0x00000000d5580000,0x00000000d5580000,0x00000000f7f80000)
  from space 61952K, 55% used [0x00000000fbf00000,0x00000000fe0da2a8,0x00000000ffb80000)
  to   space 63488K, 0% used [0x00000000f7f80000,0x00000000f7f80000,0x00000000fbd80000)
 ParOldGen       total 269824K, used 181045K [0x0000000080000000, 0x0000000090780000, 0x00000000d5580000)
  object space 269824K, 67% used [0x0000000080000000,0x000000008b0cd7b0,0x0000000090780000)
 Metaspace       used 124969K, capacity 132332K, committed 132400K, reserved 1165312K
  class space    used 15535K, capacity 16879K, committed 16944K, reserved 1048576K
}
Event: 6481.327 GC heap before
{Heap before GC invocations=64 (full 7):
 PSYoungGen      total 629248K, used 601960K [0x00000000d5580000, 0x00000000ffb80000, 0x0000000100000000)
  eden space 567296K, 100% used [0x00000000d5580000,0x00000000f7f80000,0x00000000f7f80000)
  from space 61952K, 55% used [0x00000000fbf00000,0x00000000fe0da2a8,0x00000000ffb80000)
  to   space 63488K, 0% used [0x00000000f7f80000,0x00000000f7f80000,0x00000000fbd80000)
 ParOldGen       total 269824K, used 181045K [0x0000000080000000, 0x0000000090780000, 0x00000000d5580000)
  object space 269824K, 67% used [0x0000000080000000,0x000000008b0cd7b0,0x0000000090780000)
 Metaspace       used 125000K, capacity 132492K, committed 132656K, reserved 1165312K
  class space    used 15536K, capacity 16911K, committed 16944K, reserved 1048576K

Deoptimization events (10 events):
Event: 6474.464 Thread 0x0000000020033000 Uncommon trap: reason=unstable_if action=reinterpret pc=0x0000000008ae80ec method=org.gradle.execution.plan.DefaultExecutionPlan.selectNext(Lorg/gradle/internal/work/WorkerLeaseRegistry$WorkerLease;Lorg/gradle/internal/resources/ResourceLockState;)Lorg/gr
Event: 6476.434 Thread 0x000000001bbc0000 Uncommon trap: reason=unstable_if action=reinterpret pc=0x0000000007f0ab04 method=com.android.tools.r8.dex.n.a(ILjava/util/function/Supplier;)Ljava/lang/Object; @ 1
Event: 6476.903 Thread 0x0000000022dcc000 Uncommon trap: reason=unstable_if action=reinterpret pc=0x000000000667abd4 method=com.android.tools.r8.utils.g0.a(Lcom/android/tools/r8/utils/d;)Z @ 32
Event: 6476.931 Thread 0x0000000022dcc000 Uncommon trap: reason=unstable_if action=reinterpret pc=0x00000000093ad3e4 method=com.android.tools.r8.dex.P$c.a(Ljava/util/Map;Lcom/android/tools/r8/graph/b0;Lcom/android/tools/r8/graph/b0;)I @ 38
Event: 6476.936 Thread 0x0000000022dcc000 Uncommon trap: reason=unstable_if action=reinterpret pc=0x00000000093b1bcc method=com.android.tools.r8.dex.P$c.a(Ljava/util/Map;Lcom/android/tools/r8/graph/b0;Lcom/android/tools/r8/graph/b0;)I @ 43
Event: 6477.679 Thread 0x000000001bbc0000 Uncommon trap: reason=unstable_if action=reinterpret pc=0x0000000006a2634c method=com.android.tools.r8.dex.t.a(Lcom/android/tools/r8/graph/x;)Z @ 10
Event: 6477.679 Thread 0x000000001bbc0000 Uncommon trap: reason=unstable_if action=reinterpret pc=0x00000000092533ec method=com.android.tools.r8.dex.t.a(Lcom/android/tools/r8/graph/x;)Z @ 10
Event: 6477.679 Thread 0x000000001bbc0000 Uncommon trap: reason=unstable_if action=reinterpret pc=0x00000000093b531c method=com.android.tools.r8.dex.t.a(Lcom/android/tools/r8/graph/x;)Z @ 10
Event: 6477.679 Thread 0x000000001bbc0000 Uncommon trap: reason=unstable_if action=reinterpret pc=0x0000000006f49c4c method=com.android.tools.r8.dex.t.a(Lcom/android/tools/r8/graph/x;)Z @ 10
Event: 6478.238 Thread 0x000000001bbc0000 Uncommon trap: reason=unstable_if action=reinterpret pc=0x000000000931d798 method=com.android.tools.r8.graph.h0$u.equals(Ljava/lang/Object;)Z @ 2

Classes redefined (0 events):
No events

Internal exceptions (10 events):
Event: 6471.922 Thread 0x0000000020032000 Exception <a 'sun/nio/fs/WindowsException'> (0x00000000f5b56ef0) thrown at [C:\src\AOSP-openjdk-git\hotspot\src\share\vm\prims\jni.cpp, line 710]
Event: 6471.925 Thread 0x0000000020033000 Exception <a 'sun/nio/fs/WindowsException'> (0x00000000f4d44078) thrown at [C:\src\AOSP-openjdk-git\hotspot\src\share\vm\prims\jni.cpp, line 710]
Event: 6471.965 Thread 0x0000000020032000 Implicit null exception at 0x0000000006ef7c7c to 0x0000000006ef8075
Event: 6471.975 Thread 0x0000000020032000 Exception <a 'sun/nio/fs/WindowsException'> (0x00000000f71e2c98) thrown at [C:\src\AOSP-openjdk-git\hotspot\src\share\vm\prims\jni.cpp, line 710]
Event: 6472.184 Thread 0x0000000020033800 Exception <a 'sun/nio/fs/WindowsException'> (0x00000000d70e5158) thrown at [C:\src\AOSP-openjdk-git\hotspot\src\share\vm\prims\jni.cpp, line 710]
Event: 6472.252 Thread 0x0000000020033800 Exception <a 'sun/nio/fs/WindowsException'> (0x00000000d8b9e158) thrown at [C:\src\AOSP-openjdk-git\hotspot\src\share\vm\prims\jni.cpp, line 710]
Event: 6473.798 Thread 0x000000001b9fc000 Exception <a 'sun/nio/fs/WindowsException'> (0x00000000efab46d0) thrown at [C:\src\AOSP-openjdk-git\hotspot\src\share\vm\prims\jni.cpp, line 710]
Event: 6474.985 Thread 0x0000000022dcc000 Exception <a 'sun/nio/fs/WindowsException'> (0x00000000f36a9208) thrown at [C:\src\AOSP-openjdk-git\hotspot\src\share\vm\prims\jni.cpp, line 710]
Event: 6479.254 Thread 0x000000001bbc0000 Exception <a 'sun/nio/fs/WindowsException'> (0x00000000ebf5bb48) thrown at [C:\src\AOSP-openjdk-git\hotspot\src\share\vm\prims\jni.cpp, line 710]
Event: 6479.410 Thread 0x0000000022dcd000 Exception <a 'sun/nio/fs/WindowsException'> (0x00000000ed4f4f90) thrown at [C:\src\AOSP-openjdk-git\hotspot\src\share\vm\prims\jni.cpp, line 710]

Events (10 events):
Event: 6479.751 Thread 0x000000001bbc0000 DEOPT UNPACKING pc=0x00000000030975d0 sp=0x000000002bfee680 mode 0
Event: 6479.753 Thread 0x000000001bbc0000 DEOPT PACKING pc=0x0000000008e96861 sp=0x000000002bfee820
Event: 6479.753 Thread 0x000000001bbc0000 DEOPT UNPACKING pc=0x00000000030975d0 sp=0x000000002bfee680 mode 0
Event: 6479.755 Thread 0x000000001bbc0000 DEOPT PACKING pc=0x0000000008e96861 sp=0x000000002bfee820
Event: 6479.755 Thread 0x000000001bbc0000 DEOPT UNPACKING pc=0x00000000030975d0 sp=0x000000002bfee680 mode 0
Event: 6479.757 Thread 0x000000001bbc0000 DEOPT PACKING pc=0x0000000008e96861 sp=0x000000002bfee820
Event: 6479.757 Thread 0x000000001bbc0000 DEOPT UNPACKING pc=0x00000000030975d0 sp=0x000000002bfee680 mode 0
Event: 6481.230 Executing VM operation: RevokeBias
Event: 6481.231 Executing VM operation: RevokeBias done
Event: 6481.327 Executing VM operation: ParallelGCFailedAllocation


Dynamic libraries:
0x00007ff600ba0000 - 0x00007ff600bd1000 	C:\Program Files\Android\Android Studio\jre\bin\java.exe
0x00007ffbf6810000 - 0x00007ffbf69d2000 	C:\Windows\SYSTEM32\ntdll.dll
0x00007ffbf4500000 - 0x00007ffbf45ad000 	C:\Windows\system32\KERNEL32.DLL
0x00007ffbf32e0000 - 0x00007ffbf34bd000 	C:\Windows\system32\KERNELBASE.dll
0x00007ffbf4650000 - 0x00007ffbf46f6000 	C:\Windows\system32\ADVAPI32.dll
0x00007ffbf45b0000 - 0x00007ffbf464d000 	C:\Windows\system32\msvcrt.dll
0x00007ffbf6680000 - 0x00007ffbf66db000 	C:\Windows\system32\sechost.dll
0x00007ffbf3f40000 - 0x00007ffbf4066000 	C:\Windows\system32\RPCRT4.dll
0x00007ffbf6520000 - 0x00007ffbf666e000 	C:\Windows\system32\USER32.dll
0x00007ffbf4d80000 - 0x00007ffbf4f05000 	C:\Windows\system32\GDI32.dll
0x00007ffbec2d0000 - 0x00007ffbec544000 	C:\Windows\WinSxS\amd64_microsoft.windows.common-controls_6595b64144ccf1df_6.0.10240.16384_none_f41f7b285750ef43\COMCTL32.dll
0x00007ffbf67c0000 - 0x00007ffbf67f6000 	C:\Windows\system32\IMM32.DLL
0x00007ffbf4770000 - 0x00007ffbf48cc000 	C:\Windows\system32\MSCTF.dll
0x000000006edd0000 - 0x000000006eea2000 	C:\Program Files\Android\Android Studio\jre\jre\bin\msvcr100.dll
0x000000006ef90000 - 0x000000006f7db000 	C:\Program Files\Android\Android Studio\jre\jre\bin\server\jvm.dll
0x00007ffbf6670000 - 0x00007ffbf6678000 	C:\Windows\system32\PSAPI.DLL
0x00007ffbeaf60000 - 0x00007ffbeaf69000 	C:\Windows\SYSTEM32\WSOCK32.dll
0x00007ffbf4f10000 - 0x00007ffbf4f79000 	C:\Windows\system32\WS2_32.dll
0x00007ffbf4700000 - 0x00007ffbf4708000 	C:\Windows\system32\NSI.dll
0x00007ffbea130000 - 0x00007ffbea153000 	C:\Windows\SYSTEM32\WINMM.dll
0x00007ffbec8d0000 - 0x00007ffbec8da000 	C:\Windows\SYSTEM32\VERSION.dll
0x0000000001650000 - 0x000000000167c000 	C:\Windows\SYSTEM32\WINMMBASE.dll
0x00007ffbf3690000 - 0x00007ffbf36d4000 	C:\Windows\system32\cfgmgr32.dll
0x00007ffbf1d30000 - 0x00007ffbf1d57000 	C:\Windows\SYSTEM32\DEVOBJ.dll
0x00007ffbeaf30000 - 0x00007ffbeaf3f000 	C:\Program Files\Android\Android Studio\jre\jre\bin\verify.dll
0x00007ffbeab60000 - 0x00007ffbeab89000 	C:\Program Files\Android\Android Studio\jre\jre\bin\java.dll
0x00007ffbe3520000 - 0x00007ffbe3536000 	C:\Program Files\Android\Android Studio\jre\jre\bin\zip.dll
0x00007ffbf4ff0000 - 0x00007ffbf6515000 	C:\Windows\system32\SHELL32.dll
0x00007ffbf3740000 - 0x00007ffbf3d68000 	C:\Windows\system32\windows.storage.dll
0x00007ffbf48d0000 - 0x00007ffbf4b4c000 	C:\Windows\system32\combase.dll
0x00007ffbf4710000 - 0x00007ffbf4761000 	C:\Windows\system32\shlwapi.dll
0x00007ffbf32b0000 - 0x00007ffbf32bf000 	C:\Windows\system32\kernel.appcore.dll
0x00007ffbf3e20000 - 0x00007ffbf3ed3000 	C:\Windows\system32\shcore.dll
0x00007ffbf3260000 - 0x00007ffbf32aa000 	C:\Windows\system32\powrprof.dll
0x00007ffbf3240000 - 0x00007ffbf3253000 	C:\Windows\system32\profapi.dll
0x00007ffbe3500000 - 0x00007ffbe351a000 	C:\Program Files\Android\Android Studio\jre\jre\bin\net.dll
0x00007ffbf2a50000 - 0x00007ffbf2aad000 	C:\Windows\system32\mswsock.dll
0x00007ffbe3470000 - 0x00007ffbe3483000 	C:\Program Files\Android\Android Studio\jre\jre\bin\nio.dll
0x00007ffbde130000 - 0x00007ffbde156000 	C:\Users\Mohamed Sobhi\.gradle\native\31\windows-amd64\native-platform.dll
0x00007ffbea000000 - 0x00007ffbea00d000 	C:\Program Files\Android\Android Studio\jre\jre\bin\management.dll
0x00007ffbf2ab0000 - 0x00007ffbf2ac7000 	C:\Windows\SYSTEM32\CRYPTSP.dll
0x00007ffbf30d0000 - 0x00007ffbf30f8000 	C:\Windows\SYSTEM32\bcrypt.dll
0x00007ffbf2700000 - 0x00007ffbf2733000 	C:\Windows\system32\rsaenh.dll
0x00007ffbf28a0000 - 0x00007ffbf28bf000 	C:\Windows\SYSTEM32\USERENV.dll
0x00007ffbf3060000 - 0x00007ffbf30cb000 	C:\Windows\system32\bcryptprimitives.dll
0x00007ffbf2c20000 - 0x00007ffbf2c2b000 	C:\Windows\SYSTEM32\CRYPTBASE.dll
0x00007ffbedd10000 - 0x00007ffbedd48000 	C:\Windows\SYSTEM32\IPHLPAPI.DLL
0x00007ffbedd00000 - 0x00007ffbedd0b000 	C:\Windows\SYSTEM32\WINNSI.DLL
0x00007ffbedb70000 - 0x00007ffbedb86000 	C:\Windows\SYSTEM32\dhcpcsvc6.DLL
0x00007ffbedb40000 - 0x00007ffbedb5a000 	C:\Windows\SYSTEM32\dhcpcsvc.DLL
0x00007ffbda9c0000 - 0x00007ffbda9e4000 	C:\Program Files\Android\Android Studio\jre\jre\bin\sunec.dll
0x00007ffbf27f0000 - 0x00007ffbf2898000 	C:\Windows\SYSTEM32\DNSAPI.dll
0x00007ffbe8a80000 - 0x00007ffbe8a8a000 	C:\Windows\System32\rasadhlp.dll
0x00007ffbedba0000 - 0x00007ffbedc08000 	C:\Windows\System32\fwpuclnt.dll
0x00007ffbe4070000 - 0x00007ffbe407b000 	C:\Program Files\Android\Android Studio\jre\jre\bin\sunmscapi.dll
0x00007ffbf34c0000 - 0x00007ffbf3681000 	C:\Windows\system32\CRYPT32.dll
0x00007ffbf32c0000 - 0x00007ffbf32d1000 	C:\Windows\system32\MSASN1.dll
0x00007ffbf2580000 - 0x00007ffbf25b2000 	C:\Windows\SYSTEM32\ntmarta.dll
0x00007ffbf16f0000 - 0x00007ffbf1768000 	C:\Windows\system32\apphelp.dll
0x00007ffbd7370000 - 0x00007ffbd750c000 	C:\Program Files\Android\Android Studio\jre\jre\bin\awt.dll
0x00007ffbf6700000 - 0x00007ffbf67be000 	C:\Windows\system32\OLEAUT32.dll
0x00007ffbefaf0000 - 0x00007ffbefb12000 	C:\Windows\SYSTEM32\dwmapi.dll
0x00007ffbebb80000 - 0x00007ffbec0c5000 	C:\Windows\SYSTEM32\d2d1.dll
0x00007ffbf1b10000 - 0x00007ffbf1ba6000 	C:\Windows\system32\uxtheme.dll
0x00007ffbd1ce0000 - 0x00007ffbd1e6a000 	C:\Windows\SYSTEM32\dbghelp.dll

VM Arguments:
jvm_args: -Xmx2048m -Dfile.encoding=windows-1256 -Duser.country=US -Duser.language=en -Duser.variant 
java_command: org.gradle.launcher.daemon.bootstrap.GradleDaemon 6.1.1
java_class_path (initial): C:\Users\Mohamed Sobhi\.gradle\wrapper\dists\gradle-6.1.1-all\cfmwm155h49vnt3hynmlrsdst\gradle-6.1.1\lib\gradle-launcher-6.1.1.jar
Launcher Type: SUN_STANDARD

Environment Variables:
PATH=C:\Program Files (x86)\Common Files\Oracle\Java\javapath;C:\Windows\system32;C:\Windows;C:\Windows\System32\Wbem;C:\Windows\System32\WindowsPowerShell\v1.0\;C:\ProgramData\chocolatey\bin;C:\Users\Mohamed Sobhi\Desktop\New folder\prog;C:\src\flutter\bin;C:\Python34;C:\Program Files (x86)\Java\jre1.8.0_241\bin;C:\Program Files\Git\cmd;C:\Users\Mohamed Sobhi\AppData\Local\Programs\Python\Python36\Scripts\;C:\Users\Mohamed Sobhi\AppData\Local\Programs\Python\Python36\
USERNAME=Mohamed Sobhi
OS=Windows_NT
PROCESSOR_IDENTIFIER=Intel64 Family 6 Model 42 Stepping 7, GenuineIntel



---------------  S Y S T E M  ---------------

OS: Windows 10.0 , 64 bit Build 10240 (10.0.10240.16384)

CPU:total 4 (initial active 4) (2 cores per cpu, 2 threads per core) family 6 model 42 stepping 7, cmov, cx8, fxsr, mmx, sse, sse2, sse3, ssse3, sse4.1, sse4.2, popcnt, avx, aes, clmul, ht, tsc, tscinvbit

Memory: 4k page, physical 4106380k(269388k free), swap 9349260k(1859304k free)

vm_info: OpenJDK 64-Bit Server VM (25.242-b01) for windows-amd64 JRE (1.8.0_242-release-1644-b01), built by "builder" with MS VC++ 10.0 (VS2010)

time: Thu Jul 23 15:47:09 2020
timezone: Egypt Standard Time
elapsed time: 6485 seconds (0d 1h 48m 5s)

